# JRE version: Java(TM) SE Runtime Environment 18.9 (11.0.7+8) (build 11.0.7+8-LTS)
# Java VM: Java HotSpot(TM) 64-Bit Server VM 18.9 (11.0.7+8-LTS, mixed mode, tiered, compressed oops, g1 gc, linux-amd64)
Heap:
 garbage-first heap   total 253952K, used 82282K [0x0000000709a00000, 0x0000000800000000)
  region size 1024K, 78 young (79872K), 6 survivors (6144K)
 Metaspace       used 23603K, capacity 24111K, committed 24624K, reserved 1071104K
  class space    used 2423K, capacity 2607K, committed 2688K, reserved 1048576K
GC Heap History (6 events):
Event: 0.510 GC heap before
{Heap before GC invocations=0 (full 0):
 garbage-first heap   total 253952K, used 23552K [0x0000000709a00000, 0x0000000800000000)
  region size 1024K, 24 young (24576K), 0 survivors (0K)
 Metaspace       used 13402K, capacity 13684K, committed 14080K, reserved 1062912K
  class space    used 1365K, capacity 1455K, committed 1536K, reserved 1048576K
}
Event: 0.515 GC heap after
{Heap after GC invocations=1 (full 0):
 garbage-first heap   total 253952K, used 3699K [0x0000000709a00000, 0x0000000800000000)
  region size 1024K, 3 young (3072K), 3 survivors (3072K)
 Metaspace       used 13402K, capacity 13684K, committed 14080K, reserved 1062912K
  class space    used 1365K, capacity 1455K, committed 1536K, reserved 1048576K
}
Event: 1.204 GC heap before
{Heap before GC invocations=1 (full 0):
 garbage-first heap   total 253952K, used 49779K [0x0000000709a00000, 0x0000000800000000)
  region size 1024K, 49 young (50176K), 3 survivors (3072K)
 Metaspace       used 20666K, capacity 20975K, committed 21296K, reserved 1069056K
  class space    used 2218K, capacity 2350K, committed 2432K, reserved 1048576K
}
Event: 1.209 GC heap after
{Heap after GC invocations=2 (full 0):
 garbage-first heap   total 253952K, used 6235K [0x0000000709a00000, 0x0000000800000000)
  region size 1024K, 6 young (6144K), 6 survivors (6144K)
 Metaspace       used 20666K, capacity 20975K, committed 21296K, reserved 1069056K
  class space    used 2218K, capacity 2350K, committed 2432K, reserved 1048576K
}
Event: 1.846 GC heap before
{Heap before GC invocations=3 (full 0):
 garbage-first heap   total 253952K, used 62555K [0x0000000709a00000, 0x0000000800000000)
  region size 1024K, 61 young (62464K), 6 survivors (6144K)
 Metaspace       used 22537K, capacity 23030K, committed 23472K, reserved 1071104K
  class space    used 2362K, capacity 2522K, committed 2560K, reserved 1048576K
}
Event: 1.858 GC heap after
{Heap after GC invocations=4 (full 0):
 garbage-first heap   total 253952K, used 9578K [0x0000000709a00000, 0x0000000800000000)
  region size 1024K, 6 young (6144K), 6 survivors (6144K)
 Metaspace       used 22537K, capacity 23030K, committed 23472K, reserved 1071104K
  class space    used 2362K, capacity 2522K, committed 2560K, reserved 1048576K
}

